  RenderProject.cpp
  Unknown compiler version - please run the configure tests and report the results
c:\users\chris\desktop\brenderer-test\brenderer\external\obj_parser\obj_parser.hpp(54): warning C4091: 'typedef ': ignored on left of '' when no variable is declared
c:\users\chris\desktop\brenderer-test\brenderer\headers\objectmanager.h(115): warning C4800: 'int': forcing value to bool 'true' or 'false' (performance warning)
c:\users\chris\desktop\brenderer-test\brenderer\headers\objectmanager.h(151): warning C4800: 'int': forcing value to bool 'true' or 'false' (performance warning)
c:\users\chris\desktop\brenderer-test\brenderer\headers\objectmanager.h(170): warning C4800: 'int': forcing value to bool 'true' or 'false' (performance warning)
c:\users\chris\desktop\brenderer-test\brenderer\headers\objectmanager.h(189): warning C4800: 'int': forcing value to bool 'true' or 'false' (performance warning)
c:\users\chris\desktop\brenderer-test\brenderer\headers\objectmanager.h(234): warning C4800: 'int': forcing value to bool 'true' or 'false' (performance warning)
c:\users\chris\desktop\brenderer-test\brenderer\headers\objectmanager.h(254): warning C4800: 'int': forcing value to bool 'true' or 'false' (performance warning)
c:\users\chris\desktop\brenderer-test\brenderer\headers\objectmanager.h(294): warning C4800: 'int': forcing value to bool 'true' or 'false' (performance warning)
c:\users\chris\desktop\brenderer-test\brenderer\headers\objectmanager.h(321): warning C4800: 'int': forcing value to bool 'true' or 'false' (performance warning)
c:\users\chris\desktop\brenderer-test\brenderer\headers\objectmanager.h(374): warning C4800: 'int': forcing value to bool 'true' or 'false' (performance warning)
c:\users\chris\desktop\brenderer-test\brenderer\headers\objectmanager.h(385): warning C4800: 'int': forcing value to bool 'true' or 'false' (performance warning)
c:\users\chris\desktop\brenderer-test\brenderer\headers\objectmanager.h(396): warning C4800: 'int': forcing value to bool 'true' or 'false' (performance warning)
c:\users\chris\desktop\brenderer-test\project\implementation\renderproject.cpp(68): error C2146: syntax error: missing ';' before identifier 'bRenderer'
c:\users\chris\desktop\brenderer-test\project\implementation\renderproject.cpp(135): warning C4305: 'argument': truncation from 'double' to 'const float'
c:\users\chris\desktop\brenderer-test\project\implementation\renderproject.cpp(142): warning C4305: 'argument': truncation from 'double' to 'const float'
c:\users\chris\desktop\brenderer-test\project\implementation\renderproject.cpp(247): warning C4244: 'argument': conversion from 'double' to 'GLfloat', possible loss of data
c:\users\chris\desktop\brenderer-test\project\implementation\renderproject.cpp(249): warning C4244: 'argument': conversion from 'double' to 'GLfloat', possible loss of data
c:\users\chris\desktop\brenderer-test\project\implementation\renderproject.cpp(251): warning C4244: 'argument': conversion from 'double' to 'GLfloat', possible loss of data
c:\users\chris\desktop\brenderer-test\project\implementation\renderproject.cpp(253): warning C4244: 'argument': conversion from 'double' to 'GLfloat', possible loss of data
c:\users\chris\desktop\brenderer-test\project\implementation\renderproject.cpp(259): warning C4244: 'argument': conversion from 'double' to 'GLfloat', possible loss of data
c:\users\chris\desktop\brenderer-test\project\implementation\renderproject.cpp(260): warning C4244: 'argument': conversion from 'double' to 'GLfloat', possible loss of data
c:\users\chris\desktop\brenderer-test\project\implementation\renderproject.cpp(261): warning C4244: 'argument': conversion from 'double' to 'GLfloat', possible loss of data
